<?xml version="1.0" encoding="UTF-8"?>
<testng-results ignored="0" total="1" passed="1" failed="0" skipped="0">
  <reporter-output>
  </reporter-output>
  <suite started-at="2021-12-24T21:31:19 IST" name="Default suite" finished-at="2021-12-24T21:32:02 IST" duration-ms="42944">
    <groups>
    </groups>
    <test started-at="2021-12-24T21:31:19 IST" name="Default test" finished-at="2021-12-24T21:32:02 IST" duration-ms="42944">
      <class name="testcase.SampleTestcase">
        <test-method is-config="true" signature="launchBrowser()[pri:0, instance:testcase.SampleTestcase@21282ed8]" started-at="2021-12-24T21:31:19 IST" name="launchBrowser" finished-at="2021-12-24T21:31:40 IST" duration-ms="20792" status="PASS">
          <reporter-output>
          </reporter-output>
        </test-method> <!-- launchBrowser -->
        <test-method signature="writeLinks()[pri:0, instance:testcase.SampleTestcase@21282ed8]" started-at="2021-12-24T21:31:40 IST" name="writeLinks" finished-at="2021-12-24T21:32:02 IST" duration-ms="22112" status="PASS">
          <reporter-output>
          </reporter-output>
        </test-method> <!-- writeLinks -->
      </class> <!-- testcase.SampleTestcase -->
    </test> <!-- Default test -->
  </suite> <!-- Default suite -->
</testng-results>
